<?xml version="1.0" encoding="UTF-8"?>
<coverage generated="1678786539770" clover="3.2.0">
  <project timestamp="1678786539770" name="All files">
    <metrics statements="6" coveredstatements="6" conditionals="4" coveredconditionals="4" methods="4" coveredmethods="4" elements="14" coveredelements="14" complexity="0" loc="6" ncloc="6" packages="1" files="3" classes="3"/>
    <file name="CloneArray.js" path="/Users/timdpaep/LocalDev/pgm3/demos-2223/swagger-jest-demo-start/src/Utils/CloneArray.js">
      <metrics statements="1" coveredstatements="1" conditionals="0" coveredconditionals="0" methods="1" coveredmethods="1"/>
      <line num="1" count="1" type="stmt"/>
    </file>
    <file name="CompactArray.js" path="/Users/timdpaep/LocalDev/pgm3/demos-2223/swagger-jest-demo-start/src/Utils/CompactArray.js">
      <metrics statements="3" coveredstatements="3" conditionals="4" coveredconditionals="4" methods="2" coveredmethods="2"/>
      <line num="1" count="1" type="stmt"/>
      <line num="2" count="1" type="stmt"/>
      <line num="3" count="5" type="cond" truecount="4" falsecount="0"/>
    </file>
    <file name="Sum.js" path="/Users/timdpaep/LocalDev/pgm3/demos-2223/swagger-jest-demo-start/src/Utils/Sum.js">
      <metrics statements="2" coveredstatements="2" conditionals="0" coveredconditionals="0" methods="1" coveredmethods="1"/>
      <line num="1" count="1" type="stmt"/>
      <line num="2" count="1" type="stmt"/>
    </file>
  </project>
</coverage>
