{"C:\\Users\\janne\\Documents\\Artevelde\\pgm-3\\swagger-jest-demo-start\\src\\app.js": {"path":"C:\\Users\\janne\\Documents\\Artevelde\\pgm-3\\swagger-jest-demo-start\\src\\app.js","statementMap":{"0":{"start":{"line":28,"column":12},"end":{"line":28,"column":21}},"1":{"start":{"line":29,"column":0},"end":{"line":29,"column":34}},"2":{"start":{"line":35,"column":0},"end":{"line":35,"column":74}},"3":{"start":{"line":40,"column":12},"end":{"line":43,"column":2}},"4":{"start":{"line":44,"column":0},"end":{"line":44,"column":30}},"5":{"start":{"line":45,"column":0},"end":{"line":45,"column":30}},"6":{"start":{"line":46,"column":0},"end":{"line":46,"column":50}},"7":{"start":{"line":49,"column":0},"end":{"line":49,"column":27}},"8":{"start":{"line":50,"column":0},"end":{"line":50,"column":51}},"9":{"start":{"line":55,"column":0},"end":{"line":55,"column":19}},"10":{"start":{"line":61,"column":0},"end":{"line":61,"column":40}},"11":{"start":{"line":62,"column":0},"end":{"line":64,"column":2}},"12":{"start":{"line":63,"column":2},"end":{"line":63,"column":35}},"13":{"start":{"line":65,"column":0},"end":{"line":65,"column":41}},"14":{"start":{"line":66,"column":0},"end":{"line":66,"column":49}},"15":{"start":{"line":67,"column":0},"end":{"line":67,"column":42}},"16":{"start":{"line":70,"column":0},"end":{"line":70,"column":32}},"17":{"start":{"line":71,"column":0},"end":{"line":73,"column":2}},"18":{"start":{"line":72,"column":2},"end":{"line":72,"column":35}},"19":{"start":{"line":74,"column":0},"end":{"line":74,"column":33}},"20":{"start":{"line":75,"column":0},"end":{"line":77,"column":2}},"21":{"start":{"line":76,"column":2},"end":{"line":76,"column":38}},"22":{"start":{"line":78,"column":0},"end":{"line":78,"column":80}},"23":{"start":{"line":78,"column":42},"end":{"line":78,"column":78}},"24":{"start":{"line":81,"column":0},"end":{"line":81,"column":32}},"25":{"start":{"line":88,"column":0},"end":{"line":100,"column":1}},"26":{"start":{"line":89,"column":2},"end":{"line":99,"column":7}},"27":{"start":{"line":91,"column":6},"end":{"line":95,"column":9}},"28":{"start":{"line":92,"column":8},"end":{"line":94,"column":10}},"29":{"start":{"line":98,"column":6},"end":{"line":98,"column":36}}},"fnMap":{"0":{"name":"(anonymous_0)","decl":{"start":{"line":62,"column":30},"end":{"line":62,"column":31}},"loc":{"start":{"line":63,"column":2},"end":{"line":63,"column":35}},"line":63},"1":{"name":"(anonymous_1)","decl":{"start":{"line":71,"column":26},"end":{"line":71,"column":27}},"loc":{"start":{"line":72,"column":2},"end":{"line":72,"column":35}},"line":72},"2":{"name":"(anonymous_2)","decl":{"start":{"line":75,"column":29},"end":{"line":75,"column":30}},"loc":{"start":{"line":76,"column":2},"end":{"line":76,"column":38}},"line":76},"3":{"name":"(anonymous_3)","decl":{"start":{"line":78,"column":22},"end":{"line":78,"column":23}},"loc":{"start":{"line":78,"column":42},"end":{"line":78,"column":78}},"line":78},"4":{"name":"(anonymous_4)","decl":{"start":{"line":90,"column":10},"end":{"line":90,"column":11}},"loc":{"start":{"line":90,"column":16},"end":{"line":96,"column":5}},"line":90},"5":{"name":"(anonymous_5)","decl":{"start":{"line":91,"column":35},"end":{"line":91,"column":36}},"loc":{"start":{"line":91,"column":41},"end":{"line":95,"column":7}},"line":91},"6":{"name":"(anonymous_6)","decl":{"start":{"line":97,"column":11},"end":{"line":97,"column":12}},"loc":{"start":{"line":97,"column":28},"end":{"line":99,"column":5}},"line":97}},"branchMap":{"0":{"loc":{"start":{"line":88,"column":0},"end":{"line":100,"column":1}},"type":"if","locations":[{"start":{"line":88,"column":0},"end":{"line":100,"column":1}},{"start":{},"end":{}}],"line":88}},"s":{"0":1,"1":1,"2":1,"3":1,"4":1,"5":1,"6":1,"7":1,"8":1,"9":1,"10":1,"11":1,"12":0,"13":1,"14":1,"15":1,"16":1,"17":1,"18":0,"19":1,"20":1,"21":0,"22":1,"23":0,"24":1,"25":1,"26":0,"27":0,"28":0,"29":0},"f":{"0":0,"1":0,"2":0,"3":0,"4":0,"5":0,"6":0},"b":{"0":[0,1]},"_coverageSchema":"1a1c01bbd47fc00a2c39e90264f33305004495a9","hash":"66311781db66a81415db8d14787a183767271109"}
,"C:\\Users\\janne\\Documents\\Artevelde\\pgm-3\\swagger-jest-demo-start\\src\\consts.js": {"path":"C:\\Users\\janne\\Documents\\Artevelde\\pgm-3\\swagger-jest-demo-start\\src\\consts.js","statementMap":{"0":{"start":{"line":7,"column":27},"end":{"line":7,"column":46}}},"fnMap":{},"branchMap":{},"s":{"0":1},"f":{},"b":{},"_coverageSchema":"1a1c01bbd47fc00a2c39e90264f33305004495a9","hash":"52d508d6e40cafdacdfe91ca8ae03414979183dd"}
,"C:\\Users\\janne\\Documents\\Artevelde\\pgm-3\\swagger-jest-demo-start\\src\\Utils\\CloneArray.js": {"path":"C:\\Users\\janne\\Documents\\Artevelde\\pgm-3\\swagger-jest-demo-start\\src\\Utils\\CloneArray.js","statementMap":{"0":{"start":{"line":1,"column":26},"end":{"line":1,"column":39}},"1":{"start":{"line":1,"column":33},"end":{"line":1,"column":39}}},"fnMap":{"0":{"name":"(anonymous_0)","decl":{"start":{"line":1,"column":26},"end":{"line":1,"column":27}},"loc":{"start":{"line":1,"column":33},"end":{"line":1,"column":39}},"line":1}},"branchMap":{},"s":{"0":1,"1":1},"f":{"0":1},"b":{},"_coverageSchema":"1a1c01bbd47fc00a2c39e90264f33305004495a9","hash":"1a2227540915f0dd7532b9c25ae1bf5f2f6e106a"}
,"C:\\Users\\janne\\Documents\\Artevelde\\pgm-3\\swagger-jest-demo-start\\src\\Utils\\CompactArray.js": {"path":"C:\\Users\\janne\\Documents\\Artevelde\\pgm-3\\swagger-jest-demo-start\\src\\Utils\\CompactArray.js","statementMap":{"0":{"start":{"line":1,"column":28},"end":{"line":8,"column":1}},"1":{"start":{"line":2,"column":2},"end":{"line":7,"column":4}},"2":{"start":{"line":3,"column":4},"end":{"line":6,"column":31}}},"fnMap":{"0":{"name":"(anonymous_0)","decl":{"start":{"line":1,"column":28},"end":{"line":1,"column":29}},"loc":{"start":{"line":1,"column":39},"end":{"line":8,"column":1}},"line":1},"1":{"name":"(anonymous_1)","decl":{"start":{"line":2,"column":22},"end":{"line":2,"column":23}},"loc":{"start":{"line":3,"column":4},"end":{"line":6,"column":31}},"line":3}},"branchMap":{"0":{"loc":{"start":{"line":3,"column":4},"end":{"line":6,"column":31}},"type":"binary-expr","locations":[{"start":{"line":3,"column":4},"end":{"line":3,"column":16}},{"start":{"line":4,"column":4},"end":{"line":4,"column":18}},{"start":{"line":5,"column":4},"end":{"line":5,"column":15}},{"start":{"line":6,"column":4},"end":{"line":6,"column":31}}],"line":3}},"s":{"0":1,"1":1,"2":5},"f":{"0":1,"1":5},"b":{"0":[5,4,3,2]},"_coverageSchema":"1a1c01bbd47fc00a2c39e90264f33305004495a9","hash":"388d4c1c62c312a46eecc72139890e30f28f8314"}
,"C:\\Users\\janne\\Documents\\Artevelde\\pgm-3\\swagger-jest-demo-start\\src\\Utils\\Sum.js": {"path":"C:\\Users\\janne\\Documents\\Artevelde\\pgm-3\\swagger-jest-demo-start\\src\\Utils\\Sum.js","statementMap":{"0":{"start":{"line":1,"column":19},"end":{"line":3,"column":1}},"1":{"start":{"line":2,"column":1},"end":{"line":2,"column":14}}},"fnMap":{"0":{"name":"(anonymous_0)","decl":{"start":{"line":1,"column":19},"end":{"line":1,"column":20}},"loc":{"start":{"line":1,"column":29},"end":{"line":3,"column":1}},"line":1}},"branchMap":{},"s":{"0":1,"1":1},"f":{"0":1},"b":{},"_coverageSchema":"1a1c01bbd47fc00a2c39e90264f33305004495a9","hash":"ef2db6ac0ca303bc8514dc28ef5aa37b17b782c5"}
,"C:\\Users\\janne\\Documents\\Artevelde\\pgm-3\\swagger-jest-demo-start\\src\\controllers\\home.js": {"path":"C:\\Users\\janne\\Documents\\Artevelde\\pgm-3\\swagger-jest-demo-start\\src\\controllers\\home.js","statementMap":{"0":{"start":{"line":7,"column":20},"end":{"line":23,"column":1}},"1":{"start":{"line":9,"column":35},"end":{"line":9,"column":77}},"2":{"start":{"line":10,"column":25},"end":{"line":10,"column":57}},"3":{"start":{"line":13,"column":20},"end":{"line":13,"column":57}},"4":{"start":{"line":14,"column":19},"end":{"line":17,"column":4}},"5":{"start":{"line":19,"column":2},"end":{"line":22,"column":5}}},"fnMap":{"0":{"name":"(anonymous_0)","decl":{"start":{"line":7,"column":20},"end":{"line":7,"column":21}},"loc":{"start":{"line":7,"column":40},"end":{"line":23,"column":1}},"line":7}},"branchMap":{},"s":{"0":1,"1":0,"2":0,"3":0,"4":0,"5":0},"f":{"0":0},"b":{},"_coverageSchema":"1a1c01bbd47fc00a2c39e90264f33305004495a9","hash":"7fde9cde45a91b2ecae59208eeee108d26b3370b"}
,"C:\\Users\\janne\\Documents\\Artevelde\\pgm-3\\swagger-jest-demo-start\\src\\controllers\\api\\interest.js": {"path":"C:\\Users\\janne\\Documents\\Artevelde\\pgm-3\\swagger-jest-demo-start\\src\\controllers\\api\\interest.js","statementMap":{"0":{"start":{"line":7,"column":30},"end":{"line":35,"column":1}},"1":{"start":{"line":8,"column":2},"end":{"line":34,"column":3}},"2":{"start":{"line":10,"column":19},"end":{"line":10,"column":29}},"3":{"start":{"line":13,"column":4},"end":{"line":15,"column":5}},"4":{"start":{"line":14,"column":6},"end":{"line":14,"column":57}},"5":{"start":{"line":18,"column":31},"end":{"line":18,"column":67}},"6":{"start":{"line":21,"column":21},"end":{"line":21,"column":63}},"7":{"start":{"line":24,"column":4},"end":{"line":25,"column":68}},"8":{"start":{"line":25,"column":6},"end":{"line":25,"column":68}},"9":{"start":{"line":28,"column":4},"end":{"line":28,"column":44}},"10":{"start":{"line":31,"column":4},"end":{"line":31,"column":72}},"11":{"start":{"line":33,"column":4},"end":{"line":33,"column":20}},"12":{"start":{"line":37,"column":30},"end":{"line":66,"column":1}},"13":{"start":{"line":38,"column":2},"end":{"line":65,"column":3}},"14":{"start":{"line":40,"column":4},"end":{"line":43,"column":8}},"15":{"start":{"line":41,"column":6},"end":{"line":43,"column":8}},"16":{"start":{"line":46,"column":31},"end":{"line":46,"column":67}},"17":{"start":{"line":49,"column":21},"end":{"line":51,"column":6}},"18":{"start":{"line":54,"column":4},"end":{"line":54,"column":73}},"19":{"start":{"line":54,"column":19},"end":{"line":54,"column":73}},"20":{"start":{"line":57,"column":4},"end":{"line":57,"column":64}},"21":{"start":{"line":60,"column":4},"end":{"line":62,"column":68}},"22":{"start":{"line":64,"column":4},"end":{"line":64,"column":20}},"23":{"start":{"line":68,"column":28},"end":{"line":78,"column":1}},"24":{"start":{"line":69,"column":2},"end":{"line":77,"column":3}},"25":{"start":{"line":71,"column":31},"end":{"line":71,"column":67}},"26":{"start":{"line":74,"column":4},"end":{"line":74,"column":58}},"27":{"start":{"line":76,"column":4},"end":{"line":76,"column":20}},"28":{"start":{"line":80,"column":28},"end":{"line":108,"column":1}},"29":{"start":{"line":81,"column":2},"end":{"line":107,"column":3}},"30":{"start":{"line":83,"column":4},"end":{"line":84,"column":64}},"31":{"start":{"line":84,"column":6},"end":{"line":84,"column":64}},"32":{"start":{"line":87,"column":31},"end":{"line":87,"column":67}},"33":{"start":{"line":90,"column":21},"end":{"line":92,"column":6}},"34":{"start":{"line":95,"column":4},"end":{"line":96,"column":77}},"35":{"start":{"line":96,"column":6},"end":{"line":96,"column":77}},"36":{"start":{"line":99,"column":29},"end":{"line":99,"column":68}},"37":{"start":{"line":102,"column":4},"end":{"line":104,"column":77}},"38":{"start":{"line":106,"column":4},"end":{"line":106,"column":20}}},"fnMap":{"0":{"name":"(anonymous_0)","decl":{"start":{"line":7,"column":30},"end":{"line":7,"column":31}},"loc":{"start":{"line":7,"column":56},"end":{"line":35,"column":1}},"line":7},"1":{"name":"(anonymous_1)","decl":{"start":{"line":37,"column":30},"end":{"line":37,"column":31}},"loc":{"start":{"line":37,"column":56},"end":{"line":66,"column":1}},"line":37},"2":{"name":"(anonymous_2)","decl":{"start":{"line":68,"column":28},"end":{"line":68,"column":29}},"loc":{"start":{"line":68,"column":54},"end":{"line":78,"column":1}},"line":68},"3":{"name":"(anonymous_3)","decl":{"start":{"line":80,"column":28},"end":{"line":80,"column":29}},"loc":{"start":{"line":80,"column":54},"end":{"line":108,"column":1}},"line":80}},"branchMap":{"0":{"loc":{"start":{"line":13,"column":4},"end":{"line":15,"column":5}},"type":"if","locations":[{"start":{"line":13,"column":4},"end":{"line":15,"column":5}},{"start":{},"end":{}}],"line":13},"1":{"loc":{"start":{"line":24,"column":4},"end":{"line":25,"column":68}},"type":"if","locations":[{"start":{"line":24,"column":4},"end":{"line":25,"column":68}},{"start":{},"end":{}}],"line":24},"2":{"loc":{"start":{"line":40,"column":4},"end":{"line":43,"column":8}},"type":"if","locations":[{"start":{"line":40,"column":4},"end":{"line":43,"column":8}},{"start":{},"end":{}}],"line":40},"3":{"loc":{"start":{"line":54,"column":4},"end":{"line":54,"column":73}},"type":"if","locations":[{"start":{"line":54,"column":4},"end":{"line":54,"column":73}},{"start":{},"end":{}}],"line":54},"4":{"loc":{"start":{"line":83,"column":4},"end":{"line":84,"column":64}},"type":"if","locations":[{"start":{"line":83,"column":4},"end":{"line":84,"column":64}},{"start":{},"end":{}}],"line":83},"5":{"loc":{"start":{"line":95,"column":4},"end":{"line":96,"column":77}},"type":"if","locations":[{"start":{"line":95,"column":4},"end":{"line":96,"column":77}},{"start":{},"end":{}}],"line":95}},"s":{"0":1,"1":0,"2":0,"3":0,"4":0,"5":0,"6":0,"7":0,"8":0,"9":0,"10":0,"11":0,"12":1,"13":0,"14":0,"15":0,"16":0,"17":0,"18":0,"19":0,"20":0,"21":0,"22":0,"23":1,"24":1,"25":1,"26":1,"27":0,"28":1,"29":0,"30":0,"31":0,"32":0,"33":0,"34":0,"35":0,"36":0,"37":0,"38":0},"f":{"0":0,"1":0,"2":1,"3":0},"b":{"0":[0,0],"1":[0,0],"2":[0,0],"3":[0,0],"4":[0,0],"5":[0,0]},"_coverageSchema":"1a1c01bbd47fc00a2c39e90264f33305004495a9","hash":"c5d71e38ef1f082e8e4affa7e891371a1948cd46"}
,"C:\\Users\\janne\\Documents\\Artevelde\\pgm-3\\swagger-jest-demo-start\\src\\controllers\\api\\object.js": {"path":"C:\\Users\\janne\\Documents\\Artevelde\\pgm-3\\swagger-jest-demo-start\\src\\controllers\\api\\object.js","statementMap":{"0":{"start":{"line":7,"column":28},"end":{"line":42,"column":1}},"1":{"start":{"line":8,"column":2},"end":{"line":41,"column":3}},"2":{"start":{"line":10,"column":31},"end":{"line":10,"column":55}},"3":{"start":{"line":13,"column":19},"end":{"line":13,"column":29}},"4":{"start":{"line":16,"column":4},"end":{"line":18,"column":5}},"5":{"start":{"line":17,"column":6},"end":{"line":17,"column":57}},"6":{"start":{"line":21,"column":23},"end":{"line":21,"column":59}},"7":{"start":{"line":24,"column":19},"end":{"line":24,"column":53}},"8":{"start":{"line":27,"column":4},"end":{"line":30,"column":8}},"9":{"start":{"line":28,"column":6},"end":{"line":30,"column":8}},"10":{"start":{"line":33,"column":4},"end":{"line":33,"column":36}},"11":{"start":{"line":36,"column":4},"end":{"line":38,"column":72}},"12":{"start":{"line":40,"column":4},"end":{"line":40,"column":20}},"13":{"start":{"line":44,"column":28},"end":{"line":77,"column":1}},"14":{"start":{"line":45,"column":2},"end":{"line":76,"column":3}},"15":{"start":{"line":47,"column":31},"end":{"line":47,"column":55}},"16":{"start":{"line":50,"column":4},"end":{"line":53,"column":8}},"17":{"start":{"line":51,"column":6},"end":{"line":53,"column":8}},"18":{"start":{"line":56,"column":23},"end":{"line":56,"column":59}},"19":{"start":{"line":59,"column":19},"end":{"line":61,"column":6}},"20":{"start":{"line":64,"column":4},"end":{"line":65,"column":73}},"21":{"start":{"line":65,"column":6},"end":{"line":65,"column":73}},"22":{"start":{"line":68,"column":4},"end":{"line":68,"column":54}},"23":{"start":{"line":71,"column":4},"end":{"line":73,"column":7}},"24":{"start":{"line":75,"column":4},"end":{"line":75,"column":20}},"25":{"start":{"line":79,"column":26},"end":{"line":89,"column":1}},"26":{"start":{"line":80,"column":2},"end":{"line":88,"column":3}},"27":{"start":{"line":82,"column":23},"end":{"line":82,"column":59}},"28":{"start":{"line":85,"column":4},"end":{"line":85,"column":50}},"29":{"start":{"line":87,"column":4},"end":{"line":87,"column":20}},"30":{"start":{"line":91,"column":25},"end":{"line":103,"column":1}},"31":{"start":{"line":92,"column":2},"end":{"line":102,"column":3}},"32":{"start":{"line":94,"column":23},"end":{"line":94,"column":59}},"33":{"start":{"line":97,"column":4},"end":{"line":99,"column":73}},"34":{"start":{"line":101,"column":4},"end":{"line":101,"column":20}},"35":{"start":{"line":105,"column":26},"end":{"line":123,"column":1}},"36":{"start":{"line":106,"column":2},"end":{"line":122,"column":3}},"37":{"start":{"line":108,"column":31},"end":{"line":108,"column":55}},"38":{"start":{"line":111,"column":23},"end":{"line":111,"column":59}},"39":{"start":{"line":114,"column":27},"end":{"line":114,"column":60}},"40":{"start":{"line":117,"column":4},"end":{"line":119,"column":7}},"41":{"start":{"line":121,"column":4},"end":{"line":121,"column":20}}},"fnMap":{"0":{"name":"(anonymous_0)","decl":{"start":{"line":7,"column":28},"end":{"line":7,"column":29}},"loc":{"start":{"line":7,"column":66},"end":{"line":42,"column":1}},"line":7},"1":{"name":"(anonymous_1)","decl":{"start":{"line":44,"column":28},"end":{"line":44,"column":29}},"loc":{"start":{"line":44,"column":66},"end":{"line":77,"column":1}},"line":44},"2":{"name":"(anonymous_2)","decl":{"start":{"line":79,"column":26},"end":{"line":79,"column":27}},"loc":{"start":{"line":79,"column":64},"end":{"line":89,"column":1}},"line":79},"3":{"name":"(anonymous_3)","decl":{"start":{"line":91,"column":25},"end":{"line":91,"column":26}},"loc":{"start":{"line":91,"column":63},"end":{"line":103,"column":1}},"line":91},"4":{"name":"(anonymous_4)","decl":{"start":{"line":105,"column":26},"end":{"line":105,"column":27}},"loc":{"start":{"line":105,"column":64},"end":{"line":123,"column":1}},"line":105}},"branchMap":{"0":{"loc":{"start":{"line":16,"column":4},"end":{"line":18,"column":5}},"type":"if","locations":[{"start":{"line":16,"column":4},"end":{"line":18,"column":5}},{"start":{},"end":{}}],"line":16},"1":{"loc":{"start":{"line":27,"column":4},"end":{"line":30,"column":8}},"type":"if","locations":[{"start":{"line":27,"column":4},"end":{"line":30,"column":8}},{"start":{},"end":{}}],"line":27},"2":{"loc":{"start":{"line":50,"column":4},"end":{"line":53,"column":8}},"type":"if","locations":[{"start":{"line":50,"column":4},"end":{"line":53,"column":8}},{"start":{},"end":{}}],"line":50},"3":{"loc":{"start":{"line":64,"column":4},"end":{"line":65,"column":73}},"type":"if","locations":[{"start":{"line":64,"column":4},"end":{"line":65,"column":73}},{"start":{},"end":{}}],"line":64}},"s":{"0":1,"1":0,"2":0,"3":0,"4":0,"5":0,"6":0,"7":0,"8":0,"9":0,"10":0,"11":0,"12":0,"13":1,"14":0,"15":0,"16":0,"17":0,"18":0,"19":0,"20":0,"21":0,"22":0,"23":0,"24":0,"25":1,"26":0,"27":0,"28":0,"29":0,"30":1,"31":0,"32":0,"33":0,"34":0,"35":1,"36":0,"37":0,"38":0,"39":0,"40":0,"41":0},"f":{"0":0,"1":0,"2":0,"3":0,"4":0},"b":{"0":[0,0],"1":[0,0],"2":[0,0],"3":[0,0]},"_coverageSchema":"1a1c01bbd47fc00a2c39e90264f33305004495a9","hash":"c7e019f434f457ff4c029695631b837ea6066bf4"}
,"C:\\Users\\janne\\Documents\\Artevelde\\pgm-3\\swagger-jest-demo-start\\src\\controllers\\api\\role.js": {"path":"C:\\Users\\janne\\Documents\\Artevelde\\pgm-3\\swagger-jest-demo-start\\src\\controllers\\api\\role.js","statementMap":{"0":{"start":{"line":7,"column":24},"end":{"line":17,"column":1}},"1":{"start":{"line":8,"column":2},"end":{"line":16,"column":3}},"2":{"start":{"line":10,"column":27},"end":{"line":10,"column":59}},"3":{"start":{"line":13,"column":4},"end":{"line":13,"column":78}},"4":{"start":{"line":15,"column":4},"end":{"line":15,"column":20}}},"fnMap":{"0":{"name":"(anonymous_0)","decl":{"start":{"line":7,"column":24},"end":{"line":7,"column":25}},"loc":{"start":{"line":7,"column":50},"end":{"line":17,"column":1}},"line":7}},"branchMap":{},"s":{"0":1,"1":0,"2":0,"3":0,"4":0},"f":{"0":0},"b":{},"_coverageSchema":"1a1c01bbd47fc00a2c39e90264f33305004495a9","hash":"ebc9a357a5b758043d46467aee78ec408c64ea5c"}
,"C:\\Users\\janne\\Documents\\Artevelde\\pgm-3\\swagger-jest-demo-start\\src\\controllers\\api\\user.js": {"path":"C:\\Users\\janne\\Documents\\Artevelde\\pgm-3\\swagger-jest-demo-start\\src\\controllers\\api\\user.js","statementMap":{"0":{"start":{"line":7,"column":24},"end":{"line":21,"column":1}},"1":{"start":{"line":8,"column":2},"end":{"line":20,"column":3}},"2":{"start":{"line":10,"column":27},"end":{"line":10,"column":59}},"3":{"start":{"line":13,"column":4},"end":{"line":17,"column":6}},"4":{"start":{"line":19,"column":4},"end":{"line":19,"column":20}},"5":{"start":{"line":23,"column":24},"end":{"line":36,"column":1}},"6":{"start":{"line":24,"column":2},"end":{"line":35,"column":3}},"7":{"start":{"line":26,"column":27},"end":{"line":26,"column":59}},"8":{"start":{"line":29,"column":25},"end":{"line":29,"column":60}},"9":{"start":{"line":32,"column":4},"end":{"line":32,"column":39}},"10":{"start":{"line":34,"column":4},"end":{"line":34,"column":20}}},"fnMap":{"0":{"name":"(anonymous_0)","decl":{"start":{"line":7,"column":24},"end":{"line":7,"column":25}},"loc":{"start":{"line":7,"column":50},"end":{"line":21,"column":1}},"line":7},"1":{"name":"(anonymous_1)","decl":{"start":{"line":23,"column":24},"end":{"line":23,"column":25}},"loc":{"start":{"line":23,"column":50},"end":{"line":36,"column":1}},"line":23}},"branchMap":{},"s":{"0":1,"1":0,"2":0,"3":0,"4":0,"5":1,"6":1,"7":1,"8":1,"9":1,"10":0},"f":{"0":0,"1":1},"b":{},"_coverageSchema":"1a1c01bbd47fc00a2c39e90264f33305004495a9","hash":"a606cc256abb222de070a207cd47c8db475e4fe3"}
,"C:\\Users\\janne\\Documents\\Artevelde\\pgm-3\\swagger-jest-demo-start\\src\\docs\\schemas.js": {"path":"C:\\Users\\janne\\Documents\\Artevelde\\pgm-3\\swagger-jest-demo-start\\src\\docs\\schemas.js","statementMap":{},"fnMap":{},"branchMap":{},"s":{},"f":{},"b":{},"_coverageSchema":"1a1c01bbd47fc00a2c39e90264f33305004495a9","hash":"806facb92ef10eb2d00e101cde8a87198241324a"}
,"C:\\Users\\janne\\Documents\\Artevelde\\pgm-3\\swagger-jest-demo-start\\src\\docs\\swagger.js": {"path":"C:\\Users\\janne\\Documents\\Artevelde\\pgm-3\\swagger-jest-demo-start\\src\\docs\\swagger.js","statementMap":{},"fnMap":{},"branchMap":{},"s":{},"f":{},"b":{},"_coverageSchema":"1a1c01bbd47fc00a2c39e90264f33305004495a9","hash":"5d71ae837335f64397f5867379b87343a637ef09"}
,"C:\\Users\\janne\\Documents\\Artevelde\\pgm-3\\swagger-jest-demo-start\\src\\docs\\paths\\index.js": {"path":"C:\\Users\\janne\\Documents\\Artevelde\\pgm-3\\swagger-jest-demo-start\\src\\docs\\paths\\index.js","statementMap":{},"fnMap":{},"branchMap":{},"s":{},"f":{},"b":{},"_coverageSchema":"1a1c01bbd47fc00a2c39e90264f33305004495a9","hash":"86d4842c7b0aadcd68cc1894ed1b2f148c48a2b6"}
,"C:\\Users\\janne\\Documents\\Artevelde\\pgm-3\\swagger-jest-demo-start\\src\\docs\\paths\\users.js": {"path":"C:\\Users\\janne\\Documents\\Artevelde\\pgm-3\\swagger-jest-demo-start\\src\\docs\\paths\\users.js","statementMap":{},"fnMap":{},"branchMap":{},"s":{},"f":{},"b":{},"_coverageSchema":"1a1c01bbd47fc00a2c39e90264f33305004495a9","hash":"ef0aeab3e2bf301079cac10d207957849b336c38"}
,"C:\\Users\\janne\\Documents\\Artevelde\\pgm-3\\swagger-jest-demo-start\\src\\docs\\responses\\users.js": {"path":"C:\\Users\\janne\\Documents\\Artevelde\\pgm-3\\swagger-jest-demo-start\\src\\docs\\responses\\users.js","statementMap":{},"fnMap":{},"branchMap":{},"s":{},"f":{},"b":{},"_coverageSchema":"1a1c01bbd47fc00a2c39e90264f33305004495a9","hash":"1b9f9d5391b4f82d89fdae9683940b0725068382"}
,"C:\\Users\\janne\\Documents\\Artevelde\\pgm-3\\swagger-jest-demo-start\\src\\lib\\DataSource.js": {"path":"C:\\Users\\janne\\Documents\\Artevelde\\pgm-3\\swagger-jest-demo-start\\src\\lib\\DataSource.js","statementMap":{"0":{"start":{"line":5,"column":0},"end":{"line":5,"column":16}},"1":{"start":{"line":11,"column":11},"end":{"line":16,"column":2}}},"fnMap":{},"branchMap":{},"s":{"0":1,"1":1},"f":{},"b":{},"_coverageSchema":"1a1c01bbd47fc00a2c39e90264f33305004495a9","hash":"ecfd8075313f54b8670eb1b002ce3c7958096479"}
,"C:\\Users\\janne\\Documents\\Artevelde\\pgm-3\\swagger-jest-demo-start\\src\\lib\\HandlebarsHelpers.js": {"path":"C:\\Users\\janne\\Documents\\Artevelde\\pgm-3\\swagger-jest-demo-start\\src\\lib\\HandlebarsHelpers.js","statementMap":{"0":{"start":{"line":7,"column":4},"end":{"line":7,"column":38}}},"fnMap":{"0":{"name":"(anonymous_0)","decl":{"start":{"line":6,"column":8},"end":{"line":6,"column":9}},"loc":{"start":{"line":6,"column":23},"end":{"line":8,"column":3}},"line":6}},"branchMap":{},"s":{"0":0},"f":{"0":0},"b":{},"_coverageSchema":"1a1c01bbd47fc00a2c39e90264f33305004495a9","hash":"eabc19d9c8e565c0c7a2a80f4c7a99b7fab876ca"}
,"C:\\Users\\janne\\Documents\\Artevelde\\pgm-3\\swagger-jest-demo-start\\src\\models\\Interest.js": {"path":"C:\\Users\\janne\\Documents\\Artevelde\\pgm-3\\swagger-jest-demo-start\\src\\models\\Interest.js","statementMap":{"0":{"start":{"line":3,"column":25},"end":{"line":3,"column":32}}},"fnMap":{},"branchMap":{},"s":{"0":1},"f":{},"b":{},"_coverageSchema":"1a1c01bbd47fc00a2c39e90264f33305004495a9","hash":"2c68c263fa3b43a233e3487a433da11bcd20cf38"}
,"C:\\Users\\janne\\Documents\\Artevelde\\pgm-3\\swagger-jest-demo-start\\src\\models\\NavigationItem.js": {"path":"C:\\Users\\janne\\Documents\\Artevelde\\pgm-3\\swagger-jest-demo-start\\src\\models\\NavigationItem.js","statementMap":{"0":{"start":{"line":3,"column":25},"end":{"line":3,"column":32}}},"fnMap":{},"branchMap":{},"s":{"0":1},"f":{},"b":{},"_coverageSchema":"1a1c01bbd47fc00a2c39e90264f33305004495a9","hash":"80913f8fe77355dda6aeb91f9fca0ac5b7992588"}
,"C:\\Users\\janne\\Documents\\Artevelde\\pgm-3\\swagger-jest-demo-start\\src\\models\\Role.js": {"path":"C:\\Users\\janne\\Documents\\Artevelde\\pgm-3\\swagger-jest-demo-start\\src\\models\\Role.js","statementMap":{"0":{"start":{"line":3,"column":25},"end":{"line":3,"column":32}}},"fnMap":{},"branchMap":{},"s":{"0":1},"f":{},"b":{},"_coverageSchema":"1a1c01bbd47fc00a2c39e90264f33305004495a9","hash":"6aa2c246a672e6e6b7e3fdd8f8d59c2377d294e3"}
,"C:\\Users\\janne\\Documents\\Artevelde\\pgm-3\\swagger-jest-demo-start\\src\\models\\User.js": {"path":"C:\\Users\\janne\\Documents\\Artevelde\\pgm-3\\swagger-jest-demo-start\\src\\models\\User.js","statementMap":{"0":{"start":{"line":3,"column":25},"end":{"line":3,"column":32}}},"fnMap":{},"branchMap":{},"s":{"0":1},"f":{},"b":{},"_coverageSchema":"1a1c01bbd47fc00a2c39e90264f33305004495a9","hash":"1be95a15938748c0b2f88be59f59d2d952d0f3a0"}
,"C:\\Users\\janne\\Documents\\Artevelde\\pgm-3\\swagger-jest-demo-start\\src\\models\\UserMeta.js": {"path":"C:\\Users\\janne\\Documents\\Artevelde\\pgm-3\\swagger-jest-demo-start\\src\\models\\UserMeta.js","statementMap":{"0":{"start":{"line":3,"column":25},"end":{"line":3,"column":32}}},"fnMap":{},"branchMap":{},"s":{"0":1},"f":{},"b":{},"_coverageSchema":"1a1c01bbd47fc00a2c39e90264f33305004495a9","hash":"075496a9c56c035d41c3e4fdbd3da16cfca6884f"}
,"C:\\Users\\janne\\Documents\\Artevelde\\pgm-3\\swagger-jest-demo-start\\src\\models\\index.js": {"path":"C:\\Users\\janne\\Documents\\Artevelde\\pgm-3\\swagger-jest-demo-start\\src\\models\\index.js","statementMap":{},"fnMap":{},"branchMap":{},"s":{},"f":{},"b":{},"_coverageSchema":"1a1c01bbd47fc00a2c39e90264f33305004495a9","hash":"aaf004211fa24c1407e7e25e16c544cd39b8fa92"}
}
