TN:
SF:src/app.js
FN:62,(anonymous_0)
FN:71,(anonymous_1)
FN:75,(anonymous_2)
FN:78,(anonymous_3)
FN:90,(anonymous_4)
FN:91,(anonymous_5)
FN:97,(anonymous_6)
FNF:7
FNH:0
FNDA:0,(anonymous_0)
FNDA:0,(anonymous_1)
FNDA:0,(anonymous_2)
FNDA:0,(anonymous_3)
FNDA:0,(anonymous_4)
FNDA:0,(anonymous_5)
FNDA:0,(anonymous_6)
DA:28,1
DA:29,1
DA:35,1
DA:40,1
DA:44,1
DA:45,1
DA:46,1
DA:49,1
DA:50,1
DA:55,1
DA:61,1
DA:62,1
DA:63,0
DA:65,1
DA:66,1
DA:67,1
DA:70,1
DA:71,1
DA:72,0
DA:74,1
DA:75,1
DA:76,0
DA:78,1
DA:81,1
DA:88,1
DA:89,0
DA:91,0
DA:92,0
DA:98,0
LF:29
LH:22
BRDA:88,0,0,0
BRDA:88,0,1,1
BRF:2
BRH:1
end_of_record
TN:
SF:src/consts.js
FNF:0
FNH:0
DA:7,1
LF:1
LH:1
BRF:0
BRH:0
end_of_record
TN:
SF:src/Utils/CloneArray.js
FN:1,(anonymous_0)
FNF:1
FNH:1
FNDA:1,(anonymous_0)
DA:1,1
LF:1
LH:1
BRF:0
BRH:0
end_of_record
TN:
SF:src/Utils/CompactArray.js
FN:1,(anonymous_0)
FN:2,(anonymous_1)
FNF:2
FNH:2
FNDA:1,(anonymous_0)
FNDA:5,(anonymous_1)
DA:1,1
DA:2,1
DA:3,5
LF:3
LH:3
BRDA:3,0,0,5
BRDA:3,0,1,4
BRDA:3,0,2,3
BRDA:3,0,3,2
BRF:4
BRH:4
end_of_record
TN:
SF:src/Utils/Sum.js
FN:1,(anonymous_0)
FNF:1
FNH:1
FNDA:1,(anonymous_0)
DA:1,1
DA:2,1
LF:2
LH:2
BRF:0
BRH:0
end_of_record
TN:
SF:src/controllers/home.js
FN:7,(anonymous_0)
FNF:1
FNH:0
FNDA:0,(anonymous_0)
DA:7,1
DA:9,0
DA:10,0
DA:13,0
DA:14,0
DA:19,0
LF:6
LH:1
BRF:0
BRH:0
end_of_record
TN:
SF:src/controllers/api/interest.js
FN:7,(anonymous_0)
FN:37,(anonymous_1)
FN:68,(anonymous_2)
FN:80,(anonymous_3)
FNF:4
FNH:0
FNDA:0,(anonymous_0)
FNDA:0,(anonymous_1)
FNDA:0,(anonymous_2)
FNDA:0,(anonymous_3)
DA:7,1
DA:8,0
DA:10,0
DA:13,0
DA:14,0
DA:18,0
DA:21,0
DA:24,0
DA:25,0
DA:28,0
DA:31,0
DA:33,0
DA:37,1
DA:38,0
DA:40,0
DA:41,0
DA:46,0
DA:49,0
DA:54,0
DA:57,0
DA:60,0
DA:64,0
DA:68,1
DA:69,0
DA:71,0
DA:74,0
DA:76,0
DA:80,1
DA:81,0
DA:83,0
DA:84,0
DA:87,0
DA:90,0
DA:95,0
DA:96,0
DA:99,0
DA:102,0
DA:106,0
LF:38
LH:4
BRDA:13,0,0,0
BRDA:13,0,1,0
BRDA:24,1,0,0
BRDA:24,1,1,0
BRDA:40,2,0,0
BRDA:40,2,1,0
BRDA:54,3,0,0
BRDA:54,3,1,0
BRDA:83,4,0,0
BRDA:83,4,1,0
BRDA:95,5,0,0
BRDA:95,5,1,0
BRF:12
BRH:0
end_of_record
TN:
SF:src/controllers/api/object.js
FN:7,(anonymous_0)
FN:44,(anonymous_1)
FN:79,(anonymous_2)
FN:91,(anonymous_3)
FN:105,(anonymous_4)
FNF:5
FNH:0
FNDA:0,(anonymous_0)
FNDA:0,(anonymous_1)
FNDA:0,(anonymous_2)
FNDA:0,(anonymous_3)
FNDA:0,(anonymous_4)
DA:7,1
DA:8,0
DA:10,0
DA:13,0
DA:16,0
DA:17,0
DA:21,0
DA:24,0
DA:27,0
DA:28,0
DA:33,0
DA:36,0
DA:40,0
DA:44,1
DA:45,0
DA:47,0
DA:50,0
DA:51,0
DA:56,0
DA:59,0
DA:64,0
DA:65,0
DA:68,0
DA:71,0
DA:75,0
DA:79,1
DA:80,0
DA:82,0
DA:85,0
DA:87,0
DA:91,1
DA:92,0
DA:94,0
DA:97,0
DA:101,0
DA:105,1
DA:106,0
DA:108,0
DA:111,0
DA:114,0
DA:117,0
DA:121,0
LF:42
LH:5
BRDA:16,0,0,0
BRDA:16,0,1,0
BRDA:27,1,0,0
BRDA:27,1,1,0
BRDA:50,2,0,0
BRDA:50,2,1,0
BRDA:64,3,0,0
BRDA:64,3,1,0
BRF:8
BRH:0
end_of_record
TN:
SF:src/controllers/api/role.js
FN:7,(anonymous_0)
FNF:1
FNH:0
FNDA:0,(anonymous_0)
DA:7,1
DA:8,0
DA:10,0
DA:13,0
DA:15,0
LF:5
LH:1
BRF:0
BRH:0
end_of_record
TN:
SF:src/controllers/api/user.js
FN:7,(anonymous_0)
FN:23,(anonymous_1)
FNF:2
FNH:0
FNDA:0,(anonymous_0)
FNDA:0,(anonymous_1)
DA:7,1
DA:8,0
DA:10,0
DA:13,0
DA:19,0
DA:23,1
DA:24,0
DA:26,0
DA:29,0
DA:32,0
DA:34,0
LF:11
LH:2
BRF:0
BRH:0
end_of_record
TN:
SF:src/docs/schemas.js
FNF:0
FNH:0
LF:0
LH:0
BRF:0
BRH:0
end_of_record
TN:
SF:src/docs/swagger.js
FNF:0
FNH:0
LF:0
LH:0
BRF:0
BRH:0
end_of_record
TN:
SF:src/docs/paths/index.js
FNF:0
FNH:0
LF:0
LH:0
BRF:0
BRH:0
end_of_record
TN:
SF:src/docs/paths/users.js
FNF:0
FNH:0
LF:0
LH:0
BRF:0
BRH:0
end_of_record
TN:
SF:src/docs/responses/users.js
FNF:0
FNH:0
LF:0
LH:0
BRF:0
BRH:0
end_of_record
TN:
SF:src/lib/DataSource.js
FNF:0
FNH:0
DA:5,1
DA:11,1
LF:2
LH:2
BRF:0
BRH:0
end_of_record
TN:
SF:src/lib/HandlebarsHelpers.js
FN:6,(anonymous_0)
FNF:1
FNH:0
FNDA:0,(anonymous_0)
DA:7,0
LF:1
LH:0
BRF:0
BRH:0
end_of_record
TN:
SF:src/models/Interest.js
FNF:0
FNH:0
DA:3,1
LF:1
LH:1
BRF:0
BRH:0
end_of_record
TN:
SF:src/models/NavigationItem.js
FNF:0
FNH:0
DA:3,1
LF:1
LH:1
BRF:0
BRH:0
end_of_record
TN:
SF:src/models/Role.js
FNF:0
FNH:0
DA:3,1
LF:1
LH:1
BRF:0
BRH:0
end_of_record
TN:
SF:src/models/User.js
FNF:0
FNH:0
DA:3,1
LF:1
LH:1
BRF:0
BRH:0
end_of_record
TN:
SF:src/models/UserMeta.js
FNF:0
FNH:0
DA:3,1
LF:1
LH:1
BRF:0
BRH:0
end_of_record
TN:
SF:src/models/index.js
FNF:0
FNH:0
LF:0
LH:0
BRF:0
BRH:0
end_of_record
